<?xml version="1.0" encoding="UTF-8"?>
<coverage generated="1772723101102" clover="3.2.0">
  <project timestamp="1772723101102" name="All files">
    <metrics statements="56" coveredstatements="55" conditionals="64" coveredconditionals="56" methods="11" coveredmethods="11" elements="131" coveredelements="122" complexity="0" loc="56" ncloc="56" packages="1" files="1" classes="1"/>
    <file name="matchingEngine.js" path="/var/www/html/integra/fami-integra/backend/src/services/matchingEngine.js">
      <metrics statements="56" coveredstatements="55" conditionals="64" coveredconditionals="56" methods="11" coveredmethods="11"/>
      <line num="18" count="15" type="stmt"/>
      <line num="19" count="15" type="stmt"/>
      <line num="22" count="15" type="stmt"/>
      <line num="23" count="15" type="cond" truecount="2" falsecount="0"/>
      <line num="26" count="12" type="stmt"/>
      <line num="28" count="12" type="cond" truecount="2" falsecount="0"/>
      <line num="30" count="12" type="cond" truecount="1" falsecount="1"/>
      <line num="33" count="12" type="cond" truecount="3" falsecount="0"/>
      <line num="35" count="12" type="cond" truecount="2" falsecount="0"/>
      <line num="36" count="9" type="stmt"/>
      <line num="38" count="3" type="stmt"/>
      <line num="42" count="12" type="cond" truecount="1" falsecount="1"/>
      <line num="43" count="12" type="stmt"/>
      <line num="44" count="12" type="cond" truecount="3" falsecount="1"/>
      <line num="45" count="12" type="stmt"/>
      <line num="46" count="12" type="stmt"/>
      <line num="47" count="12" type="cond" truecount="1" falsecount="1"/>
      <line num="49" count="0" type="stmt"/>
      <line num="54" count="12" type="cond" truecount="4" falsecount="0"/>
      <line num="55" count="5" type="stmt"/>
      <line num="56" count="7" type="cond" truecount="4" falsecount="0"/>
      <line num="57" count="1" type="stmt"/>
      <line num="59" count="6" type="stmt"/>
      <line num="62" count="12" type="stmt"/>
      <line num="76" count="11" type="stmt"/>
      <line num="77" count="11" type="stmt"/>
      <line num="80" count="11" type="cond" truecount="4" falsecount="0"/>
      <line num="81" count="1" type="stmt"/>
      <line num="85" count="10" type="cond" truecount="2" falsecount="0"/>
      <line num="86" count="2" type="stmt"/>
      <line num="90" count="8" type="stmt"/>
      <line num="93" count="8" type="cond" truecount="3" falsecount="0"/>
      <line num="95" count="8" type="cond" truecount="2" falsecount="0"/>
      <line num="96" count="2" type="stmt"/>
      <line num="99" count="8" type="cond" truecount="3" falsecount="1"/>
      <line num="100" count="8" type="stmt"/>
      <line num="101" count="8" type="cond" truecount="1" falsecount="1"/>
      <line num="102" count="8" type="stmt"/>
      <line num="103" count="8" type="stmt"/>
      <line num="104" count="16" type="cond" truecount="4" falsecount="0"/>
      <line num="106" count="8" type="cond" truecount="2" falsecount="0"/>
      <line num="110" count="8" type="cond" truecount="2" falsecount="0"/>
      <line num="113" count="8" type="cond" truecount="2" falsecount="0"/>
      <line num="114" count="2" type="cond" truecount="1" falsecount="1"/>
      <line num="116" count="8" type="stmt"/>
      <line num="129" count="2" type="stmt"/>
      <line num="130" count="10" type="stmt"/>
      <line num="134" count="10" type="stmt"/>
      <line num="135" count="10" type="stmt"/>
      <line num="137" count="2" type="stmt"/>
      <line num="141" count="1" type="stmt"/>
      <line num="142" count="4" type="stmt"/>
      <line num="146" count="4" type="stmt"/>
      <line num="147" count="2" type="stmt"/>
      <line num="149" count="1" type="stmt"/>
      <line num="152" count="1" type="stmt"/>
    </file>
  </project>
</coverage>
