{"/var/www/html/integra/fami-integra/backend/src/services/matchingEngine.js": {"path":"/var/www/html/integra/fami-integra/backend/src/services/matchingEngine.js","statementMap":{"0":{"start":{"line":18,"column":14},"end":{"line":18,"column":15}},"1":{"start":{"line":19,"column":19},"end":{"line":19,"column":22}},"2":{"start":{"line":22,"column":24},"end":{"line":22,"column":73}},"3":{"start":{"line":23,"column":2},"end":{"line":23,"column":109}},"4":{"start":{"line":23,"column":39},"end":{"line":23,"column":109}},"5":{"start":{"line":26,"column":2},"end":{"line":26,"column":14}},"6":{"start":{"line":28,"column":2},"end":{"line":28,"column":53}},"7":{"start":{"line":28,"column":41},"end":{"line":28,"column":53}},"8":{"start":{"line":30,"column":2},"end":{"line":30,"column":54}},"9":{"start":{"line":30,"column":43},"end":{"line":30,"column":54}},"10":{"start":{"line":33,"column":23},"end":{"line":34,"column":85}},"11":{"start":{"line":35,"column":2},"end":{"line":39,"column":3}},"12":{"start":{"line":36,"column":4},"end":{"line":36,"column":16}},"13":{"start":{"line":38,"column":4},"end":{"line":38,"column":15}},"14":{"start":{"line":42,"column":2},"end":{"line":51,"column":3}},"15":{"start":{"line":43,"column":4},"end":{"line":43,"column":16}},"16":{"start":{"line":44,"column":4},"end":{"line":50,"column":5}},"17":{"start":{"line":45,"column":21},"end":{"line":45,"column":59}},"18":{"start":{"line":46,"column":26},"end":{"line":46,"column":59}},"19":{"start":{"line":47,"column":6},"end":{"line":47,"column":45}},"20":{"start":{"line":47,"column":33},"end":{"line":47,"column":45}},"21":{"start":{"line":49,"column":6},"end":{"line":49,"column":17}},"22":{"start":{"line":54,"column":2},"end":{"line":60,"column":3}},"23":{"start":{"line":55,"column":4},"end":{"line":55,"column":16}},"24":{"start":{"line":56,"column":9},"end":{"line":60,"column":3}},"25":{"start":{"line":57,"column":4},"end":{"line":57,"column":16}},"26":{"start":{"line":59,"column":4},"end":{"line":59,"column":15}},"27":{"start":{"line":62,"column":2},"end":{"line":72,"column":4}},"28":{"start":{"line":76,"column":14},"end":{"line":76,"column":15}},"29":{"start":{"line":77,"column":19},"end":{"line":77,"column":22}},"30":{"start":{"line":80,"column":2},"end":{"line":82,"column":3}},"31":{"start":{"line":81,"column":4},"end":{"line":81,"column":85}},"32":{"start":{"line":85,"column":2},"end":{"line":87,"column":3}},"33":{"start":{"line":86,"column":4},"end":{"line":86,"column":79}},"34":{"start":{"line":90,"column":2},"end":{"line":90,"column":14}},"35":{"start":{"line":93,"column":23},"end":{"line":94,"column":84}},"36":{"start":{"line":95,"column":2},"end":{"line":96,"column":18}},"37":{"start":{"line":95,"column":20},"end":{"line":95,"column":32}},"38":{"start":{"line":96,"column":7},"end":{"line":96,"column":18}},"39":{"start":{"line":99,"column":2},"end":{"line":107,"column":3}},"40":{"start":{"line":100,"column":20},"end":{"line":100,"column":92}},"41":{"start":{"line":101,"column":19},"end":{"line":101,"column":103}},"42":{"start":{"line":102,"column":21},"end":{"line":102,"column":22}},"43":{"start":{"line":103,"column":4},"end":{"line":105,"column":7}},"44":{"start":{"line":104,"column":6},"end":{"line":104,"column":65}},"45":{"start":{"line":104,"column":52},"end":{"line":104,"column":65}},"46":{"start":{"line":106,"column":4},"end":{"line":106,"column":63}},"47":{"start":{"line":106,"column":24},"end":{"line":106,"column":63}},"48":{"start":{"line":110,"column":2},"end":{"line":110,"column":45}},"49":{"start":{"line":110,"column":33},"end":{"line":110,"column":45}},"50":{"start":{"line":113,"column":2},"end":{"line":114,"column":54}},"51":{"start":{"line":113,"column":38},"end":{"line":113,"column":50}},"52":{"start":{"line":114,"column":7},"end":{"line":114,"column":54}},"53":{"start":{"line":114,"column":43},"end":{"line":114,"column":54}},"54":{"start":{"line":116,"column":2},"end":{"line":125,"column":4}},"55":{"start":{"line":129,"column":20},"end":{"line":135,"column":38}},"56":{"start":{"line":130,"column":22},"end":{"line":133,"column":5}},"57":{"start":{"line":134,"column":17},"end":{"line":134,"column":30}},"58":{"start":{"line":135,"column":20},"end":{"line":135,"column":37}},"59":{"start":{"line":137,"column":2},"end":{"line":137,"column":19}},"60":{"start":{"line":141,"column":20},"end":{"line":147,"column":38}},"61":{"start":{"line":142,"column":21},"end":{"line":145,"column":5}},"62":{"start":{"line":146,"column":17},"end":{"line":146,"column":30}},"63":{"start":{"line":147,"column":20},"end":{"line":147,"column":37}},"64":{"start":{"line":149,"column":2},"end":{"line":149,"column":19}},"65":{"start":{"line":152,"column":0},"end":{"line":152,"column":87}}},"fnMap":{"0":{"name":"scoreAlloggio","decl":{"start":{"line":17,"column":9},"end":{"line":17,"column":22}},"loc":{"start":{"line":17,"column":47},"end":{"line":73,"column":1}},"line":17},"1":{"name":"scoreAzienda","decl":{"start":{"line":75,"column":9},"end":{"line":75,"column":21}},"loc":{"start":{"line":75,"column":45},"end":{"line":126,"column":1}},"line":75},"2":{"name":"(anonymous_2)","decl":{"start":{"line":103,"column":20},"end":{"line":103,"column":21}},"loc":{"start":{"line":103,"column":28},"end":{"line":105,"column":5}},"line":103},"3":{"name":"suggerisciAlloggi","decl":{"start":{"line":128,"column":9},"end":{"line":128,"column":26}},"loc":{"start":{"line":128,"column":61},"end":{"line":138,"column":1}},"line":128},"4":{"name":"(anonymous_4)","decl":{"start":{"line":130,"column":9},"end":{"line":130,"column":10}},"loc":{"start":{"line":130,"column":22},"end":{"line":133,"column":5}},"line":130},"5":{"name":"(anonymous_5)","decl":{"start":{"line":134,"column":12},"end":{"line":134,"column":13}},"loc":{"start":{"line":134,"column":17},"end":{"line":134,"column":30}},"line":134},"6":{"name":"(anonymous_6)","decl":{"start":{"line":135,"column":10},"end":{"line":135,"column":11}},"loc":{"start":{"line":135,"column":20},"end":{"line":135,"column":37}},"line":135},"7":{"name":"suggerisciAziende","decl":{"start":{"line":140,"column":9},"end":{"line":140,"column":26}},"loc":{"start":{"line":140,"column":61},"end":{"line":150,"column":1}},"line":140},"8":{"name":"(anonymous_8)","decl":{"start":{"line":142,"column":9},"end":{"line":142,"column":10}},"loc":{"start":{"line":142,"column":21},"end":{"line":145,"column":5}},"line":142},"9":{"name":"(anonymous_9)","decl":{"start":{"line":146,"column":12},"end":{"line":146,"column":13}},"loc":{"start":{"line":146,"column":17},"end":{"line":146,"column":30}},"line":146},"10":{"name":"(anonymous_10)","decl":{"start":{"line":147,"column":10},"end":{"line":147,"column":11}},"loc":{"start":{"line":147,"column":20},"end":{"line":147,"column":37}},"line":147}},"branchMap":{"0":{"loc":{"start":{"line":23,"column":2},"end":{"line":23,"column":109}},"type":"if","locations":[{"start":{"line":23,"column":2},"end":{"line":23,"column":109}},{"start":{},"end":{}}],"line":23},"1":{"loc":{"start":{"line":28,"column":2},"end":{"line":28,"column":53}},"type":"if","locations":[{"start":{"line":28,"column":2},"end":{"line":28,"column":53}},{"start":{},"end":{}}],"line":28},"2":{"loc":{"start":{"line":30,"column":2},"end":{"line":30,"column":54}},"type":"if","locations":[{"start":{"line":30,"column":2},"end":{"line":30,"column":54}},{"start":{},"end":{}}],"line":30},"3":{"loc":{"start":{"line":33,"column":23},"end":{"line":34,"column":85}},"type":"binary-expr","locations":[{"start":{"line":33,"column":23},"end":{"line":33,"column":42}},{"start":{"line":33,"column":46},"end":{"line":33,"column":61}},{"start":{"line":34,"column":4},"end":{"line":34,"column":85}}],"line":33},"4":{"loc":{"start":{"line":35,"column":2},"end":{"line":39,"column":3}},"type":"if","locations":[{"start":{"line":35,"column":2},"end":{"line":39,"column":3}},{"start":{"line":37,"column":9},"end":{"line":39,"column":3}}],"line":35},"5":{"loc":{"start":{"line":42,"column":2},"end":{"line":51,"column":3}},"type":"if","locations":[{"start":{"line":42,"column":2},"end":{"line":51,"column":3}},{"start":{},"end":{}}],"line":42},"6":{"loc":{"start":{"line":44,"column":4},"end":{"line":50,"column":5}},"type":"if","locations":[{"start":{"line":44,"column":4},"end":{"line":50,"column":5}},{"start":{"line":48,"column":11},"end":{"line":50,"column":5}}],"line":44},"7":{"loc":{"start":{"line":44,"column":8},"end":{"line":44,"column":63}},"type":"binary-expr","locations":[{"start":{"line":44,"column":8},"end":{"line":44,"column":36}},{"start":{"line":44,"column":40},"end":{"line":44,"column":63}}],"line":44},"8":{"loc":{"start":{"line":47,"column":6},"end":{"line":47,"column":45}},"type":"if","locations":[{"start":{"line":47,"column":6},"end":{"line":47,"column":45}},{"start":{},"end":{}}],"line":47},"9":{"loc":{"start":{"line":54,"column":2},"end":{"line":60,"column":3}},"type":"if","locations":[{"start":{"line":54,"column":2},"end":{"line":60,"column":3}},{"start":{"line":56,"column":9},"end":{"line":60,"column":3}}],"line":54},"10":{"loc":{"start":{"line":54,"column":6},"end":{"line":54,"column":113}},"type":"binary-expr","locations":[{"start":{"line":54,"column":6},"end":{"line":54,"column":43}},{"start":{"line":54,"column":47},"end":{"line":54,"column":113}}],"line":54},"11":{"loc":{"start":{"line":56,"column":9},"end":{"line":60,"column":3}},"type":"if","locations":[{"start":{"line":56,"column":9},"end":{"line":60,"column":3}},{"start":{"line":58,"column":9},"end":{"line":60,"column":3}}],"line":56},"12":{"loc":{"start":{"line":56,"column":13},"end":{"line":56,"column":127}},"type":"binary-expr","locations":[{"start":{"line":56,"column":13},"end":{"line":56,"column":50}},{"start":{"line":56,"column":54},"end":{"line":56,"column":127}}],"line":56},"13":{"loc":{"start":{"line":68,"column":21},"end":{"line":68,"column":84}},"type":"cond-expr","locations":[{"start":{"line":68,"column":56},"end":{"line":68,"column":66}},{"start":{"line":68,"column":69},"end":{"line":68,"column":84}}],"line":68},"14":{"loc":{"start":{"line":69,"column":23},"end":{"line":69,"column":72}},"type":"cond-expr","locations":[{"start":{"line":69,"column":38},"end":{"line":69,"column":53}},{"start":{"line":69,"column":56},"end":{"line":69,"column":72}}],"line":69},"15":{"loc":{"start":{"line":80,"column":2},"end":{"line":82,"column":3}},"type":"if","locations":[{"start":{"line":80,"column":2},"end":{"line":82,"column":3}},{"start":{},"end":{}}],"line":80},"16":{"loc":{"start":{"line":80,"column":6},"end":{"line":80,"column":105}},"type":"binary-expr","locations":[{"start":{"line":80,"column":6},"end":{"line":80,"column":35}},{"start":{"line":80,"column":39},"end":{"line":80,"column":105}}],"line":80},"17":{"loc":{"start":{"line":85,"column":2},"end":{"line":87,"column":3}},"type":"if","locations":[{"start":{"line":85,"column":2},"end":{"line":87,"column":3}},{"start":{},"end":{}}],"line":85},"18":{"loc":{"start":{"line":93,"column":23},"end":{"line":94,"column":84}},"type":"binary-expr","locations":[{"start":{"line":93,"column":23},"end":{"line":93,"column":42}},{"start":{"line":93,"column":46},"end":{"line":93,"column":60}},{"start":{"line":94,"column":4},"end":{"line":94,"column":84}}],"line":93},"19":{"loc":{"start":{"line":95,"column":2},"end":{"line":96,"column":18}},"type":"if","locations":[{"start":{"line":95,"column":2},"end":{"line":96,"column":18}},{"start":{"line":96,"column":7},"end":{"line":96,"column":18}}],"line":95},"20":{"loc":{"start":{"line":99,"column":2},"end":{"line":107,"column":3}},"type":"if","locations":[{"start":{"line":99,"column":2},"end":{"line":107,"column":3}},{"start":{},"end":{}}],"line":99},"21":{"loc":{"start":{"line":99,"column":6},"end":{"line":99,"column":57}},"type":"binary-expr","locations":[{"start":{"line":99,"column":6},"end":{"line":99,"column":29}},{"start":{"line":99,"column":33},"end":{"line":99,"column":57}}],"line":99},"22":{"loc":{"start":{"line":101,"column":67},"end":{"line":101,"column":88}},"type":"binary-expr","locations":[{"start":{"line":101,"column":67},"end":{"line":101,"column":82}},{"start":{"line":101,"column":86},"end":{"line":101,"column":88}}],"line":101},"23":{"loc":{"start":{"line":104,"column":6},"end":{"line":104,"column":65}},"type":"if","locations":[{"start":{"line":104,"column":6},"end":{"line":104,"column":65}},{"start":{},"end":{}}],"line":104},"24":{"loc":{"start":{"line":104,"column":10},"end":{"line":104,"column":50}},"type":"binary-expr","locations":[{"start":{"line":104,"column":10},"end":{"line":104,"column":25}},{"start":{"line":104,"column":29},"end":{"line":104,"column":50}}],"line":104},"25":{"loc":{"start":{"line":106,"column":4},"end":{"line":106,"column":63}},"type":"if","locations":[{"start":{"line":106,"column":4},"end":{"line":106,"column":63}},{"start":{},"end":{}}],"line":106},"26":{"loc":{"start":{"line":110,"column":2},"end":{"line":110,"column":45}},"type":"if","locations":[{"start":{"line":110,"column":2},"end":{"line":110,"column":45}},{"start":{},"end":{}}],"line":110},"27":{"loc":{"start":{"line":113,"column":2},"end":{"line":114,"column":54}},"type":"if","locations":[{"start":{"line":113,"column":2},"end":{"line":114,"column":54}},{"start":{"line":114,"column":7},"end":{"line":114,"column":54}}],"line":113},"28":{"loc":{"start":{"line":114,"column":7},"end":{"line":114,"column":54}},"type":"if","locations":[{"start":{"line":114,"column":7},"end":{"line":114,"column":54}},{"start":{},"end":{}}],"line":114},"29":{"loc":{"start":{"line":121,"column":23},"end":{"line":121,"column":72}},"type":"cond-expr","locations":[{"start":{"line":121,"column":38},"end":{"line":121,"column":53}},{"start":{"line":121,"column":56},"end":{"line":121,"column":72}}],"line":121},"30":{"loc":{"start":{"line":123,"column":17},"end":{"line":123,"column":78}},"type":"cond-expr","locations":[{"start":{"line":123,"column":45},"end":{"line":123,"column":58}},{"start":{"line":123,"column":61},"end":{"line":123,"column":78}}],"line":123}},"s":{"0":15,"1":15,"2":15,"3":15,"4":3,"5":12,"6":12,"7":2,"8":12,"9":0,"10":12,"11":12,"12":9,"13":3,"14":12,"15":12,"16":12,"17":12,"18":12,"19":12,"20":12,"21":0,"22":12,"23":5,"24":7,"25":1,"26":6,"27":12,"28":11,"29":11,"30":11,"31":1,"32":10,"33":2,"34":8,"35":8,"36":8,"37":6,"38":2,"39":8,"40":8,"41":8,"42":8,"43":8,"44":16,"45":4,"46":8,"47":4,"48":8,"49":6,"50":8,"51":6,"52":2,"53":2,"54":8,"55":2,"56":10,"57":10,"58":10,"59":2,"60":1,"61":4,"62":4,"63":2,"64":1,"65":1},"f":{"0":15,"1":11,"2":16,"3":2,"4":10,"5":10,"6":10,"7":1,"8":4,"9":4,"10":2},"b":{"0":[3,12],"1":[2,10],"2":[0,12],"3":[12,12,12],"4":[9,3],"5":[12,0],"6":[12,0],"7":[12,12],"8":[12,0],"9":[5,7],"10":[12,11],"11":[1,6],"12":[7,1],"13":[12,0],"14":[9,3],"15":[1,10],"16":[11,11],"17":[2,8],"18":[8,8,8],"19":[6,2],"20":[8,0],"21":[8,8],"22":[8,0],"23":[4,12],"24":[16,16],"25":[4,4],"26":[6,2],"27":[6,2],"28":[2,0],"29":[6,2],"30":[6,2]},"_coverageSchema":"1a1c01bbd47fc00a2c39e90264f33305004495a9","hash":"79a37264c8bfe4c1711eda44d31984ea06369373"}
}
