TN:
SF:src/services/matchingEngine.js
FN:17,scoreAlloggio
FN:75,scoreAzienda
FN:103,(anonymous_2)
FN:128,suggerisciAlloggi
FN:130,(anonymous_4)
FN:134,(anonymous_5)
FN:135,(anonymous_6)
FN:140,suggerisciAziende
FN:142,(anonymous_8)
FN:146,(anonymous_9)
FN:147,(anonymous_10)
FNF:11
FNH:11
FNDA:15,scoreAlloggio
FNDA:11,scoreAzienda
FNDA:16,(anonymous_2)
FNDA:2,suggerisciAlloggi
FNDA:10,(anonymous_4)
FNDA:10,(anonymous_5)
FNDA:10,(anonymous_6)
FNDA:1,suggerisciAziende
FNDA:4,(anonymous_8)
FNDA:4,(anonymous_9)
FNDA:2,(anonymous_10)
DA:18,15
DA:19,15
DA:22,15
DA:23,15
DA:26,12
DA:28,12
DA:30,12
DA:33,12
DA:35,12
DA:36,9
DA:38,3
DA:42,12
DA:43,12
DA:44,12
DA:45,12
DA:46,12
DA:47,12
DA:49,0
DA:54,12
DA:55,5
DA:56,7
DA:57,1
DA:59,6
DA:62,12
DA:76,11
DA:77,11
DA:80,11
DA:81,1
DA:85,10
DA:86,2
DA:90,8
DA:93,8
DA:95,8
DA:96,2
DA:99,8
DA:100,8
DA:101,8
DA:102,8
DA:103,8
DA:104,16
DA:106,8
DA:110,8
DA:113,8
DA:114,2
DA:116,8
DA:129,2
DA:130,10
DA:134,10
DA:135,10
DA:137,2
DA:141,1
DA:142,4
DA:146,4
DA:147,2
DA:149,1
DA:152,1
LF:56
LH:55
BRDA:23,0,0,3
BRDA:23,0,1,12
BRDA:28,1,0,2
BRDA:28,1,1,10
BRDA:30,2,0,0
BRDA:30,2,1,12
BRDA:33,3,0,12
BRDA:33,3,1,12
BRDA:33,3,2,12
BRDA:35,4,0,9
BRDA:35,4,1,3
BRDA:42,5,0,12
BRDA:42,5,1,0
BRDA:44,6,0,12
BRDA:44,6,1,0
BRDA:44,7,0,12
BRDA:44,7,1,12
BRDA:47,8,0,12
BRDA:47,8,1,0
BRDA:54,9,0,5
BRDA:54,9,1,7
BRDA:54,10,0,12
BRDA:54,10,1,11
BRDA:56,11,0,1
BRDA:56,11,1,6
BRDA:56,12,0,7
BRDA:56,12,1,1
BRDA:68,13,0,12
BRDA:68,13,1,0
BRDA:69,14,0,9
BRDA:69,14,1,3
BRDA:80,15,0,1
BRDA:80,15,1,10
BRDA:80,16,0,11
BRDA:80,16,1,11
BRDA:85,17,0,2
BRDA:85,17,1,8
BRDA:93,18,0,8
BRDA:93,18,1,8
BRDA:93,18,2,8
BRDA:95,19,0,6
BRDA:95,19,1,2
BRDA:99,20,0,8
BRDA:99,20,1,0
BRDA:99,21,0,8
BRDA:99,21,1,8
BRDA:101,22,0,8
BRDA:101,22,1,0
BRDA:104,23,0,4
BRDA:104,23,1,12
BRDA:104,24,0,16
BRDA:104,24,1,16
BRDA:106,25,0,4
BRDA:106,25,1,4
BRDA:110,26,0,6
BRDA:110,26,1,2
BRDA:113,27,0,6
BRDA:113,27,1,2
BRDA:114,28,0,2
BRDA:114,28,1,0
BRDA:121,29,0,6
BRDA:121,29,1,2
BRDA:123,30,0,6
BRDA:123,30,1,2
BRF:64
BRH:56
end_of_record
